<?xml version="1.0" encoding="UTF-8"?>
<coverage generated="1751512523">
  <project timestamp="1751512523" name="Clover Coverage">
    <package name="App\Http\Controllers">
      <file name="/var/www/html/app/Http/Controllers/ForumController.php">
        <class name="App\Http\Controllers\ForumController" namespace="App\Http\Controllers">
          <metrics complexity="2" methods="2" coveredmethods="2" conditionals="0" coveredconditionals="0" statements="22" coveredstatements="22" elements="24" coveredelements="24"/>
        </class>
        <line num="13" type="method" name="index" visibility="public" complexity="1" crap="1" count="1"/>
        <line num="15" type="stmt" count="1"/>
        <line num="16" type="stmt" count="1"/>
        <line num="17" type="stmt" count="1"/>
        <line num="18" type="stmt" count="1"/>
        <line num="19" type="stmt" count="1"/>
        <line num="20" type="stmt" count="1"/>
        <line num="21" type="stmt" count="1"/>
        <line num="22" type="stmt" count="1"/>
        <line num="24" type="stmt" count="1"/>
        <line num="25" type="stmt" count="1"/>
        <line num="26" type="stmt" count="1"/>
        <line num="29" type="method" name="show" visibility="public" complexity="1" crap="1" count="1"/>
        <line num="31" type="stmt" count="1"/>
        <line num="33" type="stmt" count="1"/>
        <line num="34" type="stmt" count="1"/>
        <line num="35" type="stmt" count="1"/>
        <line num="36" type="stmt" count="1"/>
        <line num="37" type="stmt" count="1"/>
        <line num="38" type="stmt" count="1"/>
        <line num="40" type="stmt" count="1"/>
        <line num="41" type="stmt" count="1"/>
        <line num="42" type="stmt" count="1"/>
        <line num="43" type="stmt" count="1"/>
        <metrics loc="46" ncloc="46" classes="1" methods="2" coveredmethods="2" conditionals="0" coveredconditionals="0" statements="22" coveredstatements="22" elements="24" coveredelements="24"/>
      </file>
      <file name="/var/www/html/app/Http/Controllers/ThreadController.php">
        <class name="App\Http\Controllers\ThreadController" namespace="App\Http\Controllers">
          <metrics complexity="1" methods="1" coveredmethods="1" conditionals="0" coveredconditionals="0" statements="11" coveredstatements="11" elements="12" coveredelements="12"/>
        </class>
        <line num="13" type="method" name="show" visibility="public" complexity="1" crap="1" count="2"/>
        <line num="16" type="stmt" count="2"/>
        <line num="18" type="stmt" count="2"/>
        <line num="20" type="stmt" count="2"/>
        <line num="21" type="stmt" count="2"/>
        <line num="22" type="stmt" count="2"/>
        <line num="23" type="stmt" count="2"/>
        <line num="25" type="stmt" count="2"/>
        <line num="26" type="stmt" count="2"/>
        <line num="27" type="stmt" count="2"/>
        <line num="28" type="stmt" count="2"/>
        <line num="29" type="stmt" count="2"/>
        <metrics loc="32" ncloc="31" classes="1" methods="1" coveredmethods="1" conditionals="0" coveredconditionals="0" statements="11" coveredstatements="11" elements="12" coveredelements="12"/>
      </file>
    </package>
    <package name="App\Models">
      <file name="/var/www/html/app/Models/Category.php">
        <class name="App\Models\Category" namespace="App\Models">
          <metrics complexity="1" methods="1" coveredmethods="1" conditionals="0" coveredconditionals="0" statements="1" coveredstatements="1" elements="2" coveredelements="2"/>
        </class>
        <line num="22" type="method" name="forums" visibility="public" complexity="1" crap="1" count="3"/>
        <line num="24" type="stmt" count="3"/>
        <metrics loc="27" ncloc="27" classes="1" methods="1" coveredmethods="1" conditionals="0" coveredconditionals="0" statements="1" coveredstatements="1" elements="2" coveredelements="2"/>
      </file>
      <file name="/var/www/html/app/Models/Forum.php">
        <class name="App\Models\Forum" namespace="App\Models">
          <metrics complexity="3" methods="3" coveredmethods="3" conditionals="0" coveredconditionals="0" statements="3" coveredstatements="3" elements="6" coveredelements="6"/>
        </class>
        <line num="30" type="method" name="category" visibility="public" complexity="1" crap="1" count="4"/>
        <line num="32" type="stmt" count="4"/>
        <line num="35" type="method" name="threads" visibility="public" complexity="1" crap="1" count="5"/>
        <line num="37" type="stmt" count="5"/>
        <line num="40" type="method" name="lastPost" visibility="public" complexity="1" crap="1" count="2"/>
        <line num="42" type="stmt" count="2"/>
        <metrics loc="45" ncloc="45" classes="1" methods="3" coveredmethods="3" conditionals="0" coveredconditionals="0" statements="3" coveredstatements="3" elements="6" coveredelements="6"/>
      </file>
      <file name="/var/www/html/app/Models/Post.php">
        <class name="App\Models\Post" namespace="App\Models">
          <metrics complexity="3" methods="3" coveredmethods="3" conditionals="0" coveredconditionals="0" statements="3" coveredstatements="3" elements="6" coveredelements="6"/>
        </class>
        <line num="26" type="method" name="thread" visibility="public" complexity="1" crap="1" count="1"/>
        <line num="28" type="stmt" count="1"/>
        <line num="31" type="method" name="user" visibility="public" complexity="1" crap="1" count="1"/>
        <line num="33" type="stmt" count="1"/>
        <line num="36" type="method" name="editor" visibility="public" complexity="1" crap="1" count="1"/>
        <line num="38" type="stmt" count="1"/>
        <metrics loc="41" ncloc="41" classes="1" methods="3" coveredmethods="3" conditionals="0" coveredconditionals="0" statements="3" coveredstatements="3" elements="6" coveredelements="6"/>
      </file>
      <file name="/var/www/html/app/Models/Thread.php">
        <class name="App\Models\Thread" namespace="App\Models">
          <metrics complexity="4" methods="4" coveredmethods="4" conditionals="0" coveredconditionals="0" statements="4" coveredstatements="4" elements="8" coveredelements="8"/>
        </class>
        <line num="32" type="method" name="forum" visibility="public" complexity="1" crap="1" count="2"/>
        <line num="34" type="stmt" count="2"/>
        <line num="37" type="method" name="user" visibility="public" complexity="1" crap="1" count="2"/>
        <line num="39" type="stmt" count="2"/>
        <line num="42" type="method" name="posts" visibility="public" complexity="1" crap="1" count="3"/>
        <line num="44" type="stmt" count="3"/>
        <line num="47" type="method" name="lastPost" visibility="public" complexity="1" crap="1" count="1"/>
        <line num="49" type="stmt" count="1"/>
        <metrics loc="52" ncloc="52" classes="1" methods="4" coveredmethods="4" conditionals="0" coveredconditionals="0" statements="4" coveredstatements="4" elements="8" coveredelements="8"/>
      </file>
      <file name="/var/www/html/app/Models/User.php">
        <class name="App\Models\User" namespace="App\Models">
          <metrics complexity="3" methods="3" coveredmethods="3" conditionals="0" coveredconditionals="0" statements="9" coveredstatements="9" elements="12" coveredelements="12"/>
        </class>
        <line num="49" type="method" name="casts" visibility="protected" complexity="1" crap="1" count="11"/>
        <line num="51" type="stmt" count="11"/>
        <line num="52" type="stmt" count="11"/>
        <line num="53" type="stmt" count="11"/>
        <line num="54" type="stmt" count="11"/>
        <line num="55" type="stmt" count="11"/>
        <line num="56" type="stmt" count="11"/>
        <line num="57" type="stmt" count="11"/>
        <line num="60" type="method" name="threads" visibility="public" complexity="1" crap="1" count="1"/>
        <line num="62" type="stmt" count="1"/>
        <line num="65" type="method" name="posts" visibility="public" complexity="1" crap="1" count="1"/>
        <line num="67" type="stmt" count="1"/>
        <metrics loc="70" ncloc="53" classes="1" methods="3" coveredmethods="3" conditionals="0" coveredconditionals="0" statements="9" coveredstatements="9" elements="12" coveredelements="12"/>
      </file>
    </package>
    <metrics files="7" loc="313" ncloc="295" classes="7" methods="17" coveredmethods="17" conditionals="0" coveredconditionals="0" statements="53" coveredstatements="53" elements="70" coveredelements="70"/>
  </project>
</coverage>
